0.0
0.0
0.0
0.0
0.0
0.0
0.0
0.0
0.0
0.0
0.0
0.0
0.0
0.07142857142857142
0.06666666666666667
0.0625
0.11764705882352941
0.2222222222222222
0.21052631578947367
0.2
0.19047619047619047
0.18181818181818182
0.21739130434782608
0.20833333333333334
0.2
0.23076923076923078
0.2222222222222222
0.21428571428571427
0.20689655172413793
0.2
0.1935483870967742
0.1875
0.18181818181818182
0.17647058823529413
0.17142857142857143
0.16666666666666666
0.16216216216216217
0.15789473684210525
0.1794871794871795
0.175
0.17073170731707318
0.21428571428571427
0.2558139534883721
0.25
0.24444444444444444
0.2608695652173913
0.2553191489361702
0.25
0.24489795918367346
0.24
0.23529411764705882
0.2692307692307692
0.2641509433962264
0.25925925925925924
0.2545454545454545
0.25
0.24561403508771928
0.2413793103448276
0.23728813559322035
0.23333333333333334
0.2459016393442623
0.24193548387096775
0.23809523809523808
0.234375
0.23076923076923078
0.22727272727272727
0.22388059701492538
0.22058823529411764
0.21739130434782608
0.21428571428571427
0.2112676056338028
0.20833333333333334
0.2328767123287671
0.22972972972972974
0.24
0.23684210526315788
0.23376623376623376
0.2564102564102564
0.25316455696202533
0.2625
0.2962962962962963
0.2926829268292683
0.3132530120481928
0.30952380952380953
0.32941176470588235
0.3372093023255814
0.3333333333333333
0.32954545454545453
0.3258426966292135
0.32222222222222224
0.31868131868131866
0.32608695652173914
0.3225806451612903
0.3191489361702128
0.3157894736842105
0.3125
0.31958762886597936
0.3163265306122449
0.31313131313131315
0.31
0.31
0.31
0.31
0.31
0.31
0.31
0.32
0.33
0.34
0.35
0.36
0.36
0.36
0.35
0.35
0.35
0.35
0.33
0.33
0.33
0.33
0.34
0.33
0.33
0.33
0.33
0.33
0.34
0.34
0.34
0.34
0.34
0.34
0.34
0.34
0.35
0.35
0.35
0.34
0.34
0.35
0.33
0.31
0.31
0.31
0.3
0.3
0.3
0.33
0.34
0.34
0.32
0.32
0.32
0.32
0.32
0.32
0.32
0.34
0.35
0.34
0.34
0.34
0.34
0.34
0.34
0.34
0.35
0.35
0.35
0.35
0.35
0.33
0.34
0.33
0.33
0.33
0.31
0.31
0.3
0.27
0.28
0.26
0.27
0.25
0.24
0.24
0.24
0.24
0.24
0.24
0.23
0.23
0.23
0.23
0.24
0.24
0.24
0.24
0.24
0.24
0.24
0.24
0.24
0.24
0.24
0.23
0.23
0.22
0.21
0.2
0.2
0.2
0.2
0.2
0.22
0.21
0.21
0.22
0.22
0.22
0.21
0.21
0.21
0.22
0.22
0.22
0.21
0.21
0.21
0.21
0.22
0.22
0.22
0.22
0.21
0.21
0.21
0.22
0.22
0.21
0.21
0.22
0.22
0.22
0.22
0.22
0.22
0.2
0.19
0.2
0.22
0.22
0.22
0.22
0.22
0.22
0.22
0.22
0.21
0.21
0.22
0.23
0.23
0.23
0.23
0.23
0.22
0.22
0.22
0.22
0.22
0.22
0.21
0.22
0.22
0.22
0.22
0.22
0.22
0.22
0.22
0.24
0.23
0.23
0.23
0.25
0.25
0.25
0.25
0.25
0.25
0.25
0.25
0.25
0.24
0.23
0.23
0.23
0.23
0.23
0.23
0.23
0.23
0.23
0.23
0.25
0.24
0.24
0.24
0.24
0.24
0.25
0.25
0.25
0.23
0.23
0.23
0.22
0.22
0.22
0.22
0.22
0.23
0.22
0.21
0.21
0.22
0.22
0.22
0.22
0.24
0.24
0.25
0.25
0.26
0.27
0.27
0.26
0.26
0.26
0.26
0.25
0.25
0.25
0.25
0.25
0.25
0.25
0.25
0.24
0.22
0.22
0.22
0.23
0.23
0.23
0.23
0.21
0.21
0.23
0.23
0.22
0.22
0.22
0.22
0.22
0.22
0.22
0.22
0.22
0.22
0.22
0.22
0.21
0.21
0.24
0.25
0.25
0.25
0.25
0.24
0.23
0.23
0.23
0.23
0.21
0.23
0.23
0.23
0.23
0.23
0.23
0.23
0.23
0.23
0.23
0.23
0.23
0.25
0.25
0.25
0.25
0.25
0.25
0.25
0.23
0.23
0.23
0.23
0.24
0.24
0.23
0.23
0.23
0.23
0.23
0.23
0.23
0.23
0.23
0.23
0.23
0.22
0.22
0.22
0.22
0.21
0.21
0.22
0.22
0.19
0.19
0.18
0.18
0.17
0.16
0.16
0.16
0.16
0.16
0.16
0.16
0.16
0.19
0.19
0.2
0.2
0.19
0.19
0.19
0.19
0.19
0.19
0.18
0.18
0.18
0.2
0.2
0.2
0.18
0.19
0.2
0.2
0.2
0.2
0.22
0.22
0.22
0.23
0.23
0.23
0.23
0.23
0.23
0.23
0.2
0.19
0.19
0.19
0.19
0.19
0.18
0.19
0.19
0.19
0.19
0.18
0.19
0.21
0.21
0.22
0.22
0.22
0.22
0.22
0.22
0.22
0.22
0.2
0.2
0.21
0.21
0.21
0.21
0.21
0.21
0.21
0.21
0.21
0.2
0.2
0.2
0.2
0.2
0.2
0.2
0.21
0.21
0.21
0.21
0.21
0.21
0.21
0.21
0.21
0.21
0.21
0.21
0.2
0.2
0.21
0.21
0.21
0.21
0.21
0.21
0.21
0.22
0.22
0.22
0.24
0.24
0.26
0.23
0.24
0.23
0.24
0.26
0.26
0.26
0.26
0.26
0.26
0.26
0.27
0.27
0.25
0.25
0.25
0.25
0.23
0.22
0.24
0.24
0.24
0.22
0.22
0.22
0.21
0.22
0.22
0.22
0.22
0.24
0.24
0.26
0.26
0.26
0.26
0.26
0.26
0.26
0.25
0.27
0.27
0.27
0.26
0.25
0.23
0.23
0.24
0.24
0.24
0.24
0.24
0.26
0.28
0.28
0.29
0.29
0.29
0.3
0.3
0.3
0.3
0.3
0.31
0.31
0.31
0.31
0.31
0.31
0.31
0.33
0.35
0.35
0.34
0.34
0.35
0.38
0.38
0.38
0.38
0.38
0.38
0.38
0.38
0.38
0.39
0.39
0.39
0.39
0.39
0.39
0.39
0.39
0.39
0.38
0.39
0.39
0.39
0.39
0.39
0.39
0.38
0.38
0.39
0.38
0.39
0.39
0.4
0.41
0.41
0.42
0.43
0.43
0.43
0.44
0.44
0.44
0.44
0.44
0.42
0.42
0.43
0.43
0.43
0.44
0.44
0.44
0.44
0.44
0.44
0.42
0.42
0.4
0.4
0.4
0.4
0.41
0.41
0.42
0.42
0.4
0.42
0.42
0.42
0.42
0.42
0.42
0.4
0.4
0.4
0.4
0.4
0.38
0.36
0.36
0.35
0.35
0.34
0.33
0.33
0.33
0.35
0.35
0.34
0.34
0.34
0.34
0.34
0.34
0.34
0.34
0.32
0.34
0.35
0.37
0.36
0.33
0.35
0.35
0.36
0.36
0.36
0.36
0.36
0.36
0.37
0.37
0.36
0.36
0.36
0.37
0.37
0.37
0.37
0.37
0.36
0.36
0.36
0.36
0.36
0.36
0.36
0.36
0.36
0.36
0.36
0.36
0.35
0.34
0.34
0.35
0.33
0.35
0.35
0.34
0.36
0.36
0.38
0.38
0.39
0.4
0.41
0.41
0.41
0.4
0.4
0.39
0.39
0.39
0.39
0.39
0.4
0.4
0.42
0.42
0.42
0.41
0.41
0.4
0.4
0.4
0.38
0.38
0.38
0.4
0.4
0.4
0.4
0.4
0.4
0.4
0.4
0.41
0.41
0.41
0.41
0.41
0.41
0.42
0.42
0.42
0.4
0.4
0.4
0.4
0.4
0.4
0.41
0.41
0.41
0.39
0.41
0.39
0.38
0.37
0.37
0.37
0.35
0.35
0.34
0.34
0.34
0.34
0.35
0.35
0.35
0.37
0.39
0.39
0.39
0.38
0.4
0.4
0.4
0.4
0.4
0.4
0.39
0.39
0.37
0.37
0.37
0.37
0.35
0.36
0.35
0.37
0.37
0.37
0.37
0.35
0.35
0.35
0.35
0.35
0.33
0.33
0.31
0.31
0.32
0.31
0.29
0.29
0.29
0.3
0.3
0.3
0.3
0.3
0.3
0.3
0.29
0.29
0.27
0.27
0.27
0.27
0.29
0.29
0.29
0.31
0.33
0.34
0.34
0.32
0.32
0.32
0.32
0.34
0.34
0.34
0.34
0.33
0.35
0.36
0.36
0.36
0.36
0.36
0.38
0.38
0.38
0.38
0.38
0.38
0.38
0.38
0.37
0.37
0.38
0.38
0.36
0.36
0.36
0.35
0.37
0.37
0.37
0.37
0.38
0.38
0.4
0.4
0.39
0.42
0.42
0.4
0.38
0.4
0.41
0.41
0.39
0.41
0.41
0.42
0.42
0.42
0.41
0.41
0.43
0.43
0.43
0.43
0.45
0.43
0.43
0.42
0.42
0.42
0.42
0.42
0.43
0.41
0.41
0.43
0.43
0.43
0.45
0.45
0.43
0.43
0.43
0.43
0.43
0.42
0.43
0.45
0.45
0.45
0.45
0.45
0.45
0.47
0.47
0.47
0.48
0.48
0.46
0.46
0.46
0.46
0.44
0.43
0.43
0.43
0.43
0.44
0.44
0.45
0.45
0.46
0.48
0.48
0.46
0.45
0.45
0.45
0.46
0.45
0.43
0.43
0.44
0.44
0.44
0.44
0.44
0.44
0.44
0.44
0.43
0.45
0.45
0.47
0.47
0.47
0.46
0.46
0.48
0.48
0.47
0.47
0.45
0.45
0.45
0.42
0.42
0.42
0.42
0.41
0.41
0.41
0.41
0.39
0.39
0.38
0.38
0.38
0.4
0.4
0.38
0.38
0.39
0.39
0.37
0.37
0.37
0.36
0.36
0.36
0.36
0.36
0.35
0.35
0.35
0.33
0.33
0.33
0.31
0.33
0.33
0.36
0.36
0.36
0.36
0.36
0.35
0.33
0.33
0.33
0.33
0.33
0.33
0.32
0.33
0.33
0.32
0.33
0.33
0.33
0.35
0.33
0.34
0.34
0.34
0.35
0.36
0.35
0.35
0.32
0.32
0.31
0.32
0.32
0.33
0.33
0.33
0.33
0.34
0.34
0.34
0.34
0.33
0.36
0.36
0.36
0.38
0.38
0.38
0.38
0.38
0.36
0.36
0.34
0.35
0.35
0.34
0.34
0.35
0.35
0.35
0.35
0.36
0.36
0.37
0.37
0.35
0.35
0.35
0.34
0.33
0.34
0.34
0.34
0.34
0.34
0.34
0.34
0.32
0.33
0.33
0.33
0.33
0.33
0.33
0.33
0.33
0.33
0.33
0.33
0.33
0.33
0.33
0.33
0.33
0.33
0.33
0.34
0.34
0.33
0.33
0.31
0.32
0.32
0.32
0.32
0.32
0.32
0.32
0.32
0.32
0.32
0.32
0.31
0.3
0.3
0.3
0.29
0.29
0.29
0.27
0.28
0.27
0.28
0.28
0.27
0.26
0.28
0.28
0.28
0.28
0.28
0.25
0.25
0.24
0.24
0.24
0.24
0.22
0.24
0.26
0.26
0.26
0.23
0.23
0.23
0.21
0.21
0.21
0.21
0.21
0.21
0.21
0.21
0.2
0.2
0.2
0.2
0.17
0.17
0.17
0.19
0.2
0.2
0.19
0.19
0.19
0.19
0.19
0.19
0.19
0.18
0.18
0.18
0.18
0.18
0.2
0.2
0.2
0.19
0.19
0.19
0.2
0.2
0.2
0.2
0.21
0.21
0.23
0.23
0.23
0.23
0.23
0.24
0.24
0.24
0.24
0.23
0.23
0.22
0.22
0.21
0.2
0.2
0.2
0.2
0.2
0.2
0.2
0.22
0.22
0.23
0.23
0.23
0.23
0.23
0.25
0.25
0.25
0.25
0.26
0.25
0.26
0.25
0.25
0.27
0.27
0.25
0.25
0.25
0.26
0.28
0.28
0.28
0.28
0.3
0.3
0.3
0.31
0.29
0.27
0.29
0.29
0.31
0.31
0.32
0.33
0.33
0.33
0.33
0.34
0.36
0.36
0.37
0.37
0.39
0.39
0.4
0.4
0.4
0.4
0.4
0.38
0.38
0.38
0.38
0.38
0.38
0.38
0.39
0.39
0.39
0.39
0.39
0.39
0.41
0.4
0.4
0.4
0.4
0.41
0.41
0.39
0.4
0.42
0.43
0.43
0.43
0.41
0.41
0.41
0.41
0.41
0.4
0.41
0.41
0.41
0.41
0.41
0.41
0.41
0.41
0.41
0.41
0.41
0.41
0.41
0.41
0.41
0.39
0.4
0.39
0.4
0.41
0.41
0.41
0.39
0.39
0.39
0.39
0.38
0.38
0.37
0.37
0.39
0.37
0.37
0.37
0.37
0.37
0.38
0.36
0.36
0.36
0.36
0.34
0.36
0.36
0.35
0.37
0.37
0.35
0.35
0.35
0.35
0.34
0.33
0.34
0.34
0.34
0.33
0.31
0.31
0.3
0.31
0.29
0.29
0.28
0.28
0.28
0.28
0.26
0.26
0.26
0.26
0.26
0.26
0.26
0.26
0.25
0.25
0.25
0.25
0.25
0.26
0.24
0.23
0.23
0.24
0.24
0.23
0.23
0.23
0.22
0.2
0.19
0.2
0.2
0.2
0.2
0.22
0.22
0.22
0.22
0.21
0.21
0.21
0.21
0.23
0.24
0.24
0.24
0.24
0.24
0.24
0.24
0.24
0.24
0.24
0.24
0.23
0.25
0.24
0.23
0.24
0.24
0.24
0.24
0.24
0.24
0.26
0.27
0.27
0.27
0.25
0.26
0.26
0.27
0.27
0.27
0.25
0.25
0.26
0.26
0.26
0.26
0.24
0.24
0.26
0.24
0.24
0.25
0.25
0.24
0.24
0.24
0.24
0.23
0.23
0.24
0.24
0.24
0.24
0.24
0.23
0.23
0.24
0.24
0.24
0.26
0.26
0.27
0.27
0.27
0.27
0.27
0.27
0.27
0.27
0.27
0.28
0.28
0.28
0.28
0.27
0.27
0.27
0.27
0.26
0.26
0.26
0.27
0.27
0.28
0.28
0.28
0.26
0.26
0.26
0.27
0.27
0.28
0.28
0.28
0.28
0.28
0.28
0.28
0.28
0.27
0.27
0.27
0.27
0.27
0.27
0.28
0.28
0.28
0.28
0.28
0.28
0.26
0.26
0.26
0.25
0.25
0.25
0.25
0.25
0.25
0.23
0.22
0.22
0.22
0.22
0.21
0.22
0.21
0.21
0.21
0.21
0.21
0.22
0.24
0.24
0.24
0.24
0.24
0.22
0.22
0.22
0.22
0.24
0.23
0.23
0.23
0.23
0.23
0.23
0.22
0.22
0.22
0.23
0.23
0.23
0.23
0.22
0.22
0.22
0.2
0.2
0.19
0.19
0.19
0.19
0.19
0.19
0.19
0.19
0.19
0.2
0.2
0.2
0.2
0.2
0.21
0.21
0.21
0.21
0.21
0.21
0.2
0.21
0.2
0.2
0.2
0.2
0.2
0.2
0.2
0.18
0.2
0.2
0.2
0.2
0.2
0.21
0.21
0.19
0.19
0.19
0.19
0.19
0.19
0.19
0.18
0.18
0.18
0.18
0.2
0.23
0.23
0.23
0.23
0.23
0.25
0.25
0.25
0.25
0.25
0.25
0.26
0.26
0.26
0.27
0.27
0.26
0.26
0.26
0.26
0.27
0.27
0.25
0.23
0.23
0.23
0.23
0.23
0.23
0.23
0.23
0.22
0.2
0.2
0.2
0.21
0.21
0.21
0.21
0.21
0.23
0.23
0.22
0.22
0.22
0.22
0.22
0.23
0.23
0.23
0.23
0.25
0.26
0.28
0.28
0.28
0.28
0.28
0.28
0.28
0.27
0.28
0.28
0.28
0.3
0.29
0.29
0.29
0.29
0.29
0.29
0.29
0.3
0.31
0.31
0.31
0.31
0.31
0.31
0.3
0.3
0.27
0.27
0.28
0.28
0.29
0.3
0.31
0.31
0.31
0.31
0.31
0.31
0.31
0.31
0.31
0.31
0.31
0.31
0.29
0.26
0.27
0.27
0.27
0.27
0.25
0.25
0.25
0.25
0.25
0.26
0.25
0.25
0.25
0.26
0.26
0.26
0.3
0.32
0.32
0.31
0.31
0.31
0.31
0.31
0.31
0.32
0.33
0.34
0.34
0.35
0.36
0.36
0.36
0.36
0.35
0.35
0.35
0.35
0.36
0.36
0.37
0.37
0.37
0.37
0.37
0.37
0.36
0.36
0.36
0.36
0.34
0.33
0.31
0.31
0.31
0.31
0.31
0.31
0.31
0.31
0.31
0.32
0.32
0.31
0.31
0.31
0.31
0.32
0.32
0.32
0.32
0.3
0.31
0.31
0.31
0.31
0.31
0.31
0.31
0.32
0.32
0.33
0.32
0.32
0.31
0.29
0.29
0.3
0.3
0.3
0.3
0.3
0.32
0.32
0.32
0.32
0.32
0.32
0.32
0.33
0.32
0.32
0.32
0.33
0.33
0.33
0.33
0.33
0.33
0.32
0.32
0.32
0.33
0.31
0.31
0.31
0.27
0.25
0.25
0.25
0.25
0.25
0.25
0.25
0.25
0.24
0.23
0.22
0.22
0.24
0.23
0.23
0.23
0.23
0.23
0.24
0.24
0.24
0.23
0.21
0.22
0.22
0.22
0.22
0.22
0.22
0.22
0.23
0.23
0.23
0.23
0.23
0.23
0.25
0.25
0.25
0.25
0.25
0.26
0.25
0.26
0.25
0.25
0.24
0.24
0.25
0.25
0.26
0.28
0.29
0.29
0.29
0.27
0.27
0.27
0.27
0.27
0.27
0.27
0.26
0.26
0.25
0.25
0.25
0.25
0.25
0.26
0.25
0.25
0.25
0.26
0.26
0.24
0.24
0.24
0.24
0.26
0.26
0.27
0.26
0.28
0.29
0.29
0.29
0.29
0.29
0.29
0.33
0.34
0.34
0.34
0.34
0.33
0.33
0.33
0.34
0.34
0.34
0.34
0.35
0.35
0.38
0.38
0.38
0.38
0.39
0.39
0.39
0.39
0.38
0.39
0.4
0.4
0.4
0.4
0.39
0.39
0.39
0.39
0.39
0.37
0.37
0.37
0.37
0.37
0.37
0.38
0.37
0.37
0.37
0.37
0.37
0.37
0.35
0.35
0.36
0.37
0.37
0.36
0.36
0.34
0.34
0.34
0.34
0.34
0.33
0.33
0.31
0.3
0.29
0.29
0.29
0.29
0.29
0.29
0.29
0.29
0.29
0.29
0.29
0.3
0.3
0.3
0.3
0.3
0.3
0.28
0.29
0.29
0.3
0.29
0.29
0.3
0.3
0.3
0.3
0.28
0.29
0.28
0.28
0.26
0.26
0.26
0.26
0.28
0.28
0.3
0.26
0.26
0.28
0.28
0.28
0.28
0.28
0.28
0.28
0.28
0.29
0.29
0.28
0.28
0.25
0.25
0.25
0.25
0.24
0.24
0.24
0.24
0.23
0.22
0.22
0.22
0.24
0.24
0.24
0.25
0.26
0.28
0.29
0.29
0.29
0.29
0.29
0.29
0.29
0.28
0.28
0.28
0.28
0.28
0.29
0.29
0.3
0.3
0.3
0.29
0.3
0.3
0.3
0.3
0.3
0.3
0.3
0.31
0.31
0.31
0.33
0.32
0.32
0.33
0.35
0.35
0.35
0.35
0.35
0.35
0.36
0.36
0.36
0.35
0.35
0.36
0.36
0.36
0.36
0.36
0.35
0.35
0.34
0.34
0.34
0.34
0.34
0.34
0.34
0.36
0.35
0.35
0.35
0.35
0.34
0.34
0.33
0.31
0.31
0.29
0.29
0.28
0.28
0.28
0.3
0.31
0.31
0.31
0.3
0.3
0.29
0.29
0.29
0.29
0.29
0.29
0.29
0.29
0.29
0.29
0.29
0.29
0.28
0.28
0.29
0.29
0.27
0.27
0.28
0.27
0.26
0.24
0.23
0.23
0.23
0.23
0.23
0.23
0.23
0.23
0.23
0.23
0.23
0.23
0.22
0.22
0.21
0.21
0.2
0.2
0.21
0.21
0.21
0.21
0.21
0.21
0.21
0.2
0.2
0.2
0.18
0.18
0.18
0.18
0.16
0.18
0.19
0.19
0.19
0.19
0.18
0.19
0.19
0.19
0.19
0.18
0.18
0.18
0.18
0.18
0.18
0.18
0.18
0.18
0.18
0.17
0.17
0.17
0.17
0.15
0.15
0.16
0.16
0.16
0.16
0.16
0.17
0.17
0.17
0.17
0.17
0.17
0.15
0.15
0.15
0.16
0.16
0.16
0.16
0.16
0.16
0.16
0.16
0.16
0.16
0.16
0.16
0.16
0.17
0.17
0.17
0.17
0.17
0.17
0.15
0.15
0.15
0.15
0.14
0.14
0.14
0.16
0.16
0.16
0.16
0.16
0.18
0.18
0.18
0.18
0.18
0.18
0.18
0.18
0.2
0.2
0.2
0.2
0.2
0.2
0.18
0.18
0.18
0.18
0.19
0.19
0.19
0.19
0.19
0.21
0.21
0.21
0.21
0.2
0.2
0.18
0.2
0.2
0.2
0.2
0.2
0.2
0.21
0.21
0.21
0.21
0.21
0.21
0.23
0.24
0.24
0.24
0.26
0.27
0.27
0.29
0.31
0.31
0.31
0.34
0.34
0.33
0.33
0.33
0.33
0.33
0.32
0.36
0.36
0.36
0.36
0.36
0.37
0.37
0.36
0.35
0.35
0.37
0.37
0.37
0.37
0.37
0.39
0.39
0.39
0.43
0.43
0.43
0.42
0.42
0.42
0.42
0.43
0.43
0.45
0.45
0.45
0.45
0.46
0.46
0.47
0.46
0.46
0.47
0.47
0.48
0.46
0.46
0.46
0.46
0.46
0.46
0.46
0.46
0.46
0.46
0.46
0.46
0.46
0.46
0.46
0.46
0.46
0.48
0.47
0.47
0.47
0.49
0.49
0.47
0.47
0.47
0.47
0.48
0.48
0.48
0.45
0.45
0.46
0.46
0.46
0.45
0.45
0.45
0.46
0.46
0.46
0.46
0.46
0.45
0.45
0.45
0.43
0.42
0.42
0.42
0.4
0.4
0.4
0.37
0.37
0.37
0.37
0.38
0.4
0.42
0.43
0.39
0.39
0.4
0.4
0.4
0.39
0.39
0.38
0.37
0.37
0.37
0.37
0.38
0.38
0.38
0.36
0.36
0.38
0.34
0.34
0.38
0.39
0.4
0.42
0.42
0.41
0.41
0.39
0.39
0.4
0.41
0.41
0.41
0.4
0.39
0.39
0.4
0.4
0.39
0.39
0.41
0.43
0.43
0.45
0.45
0.45
0.46
0.44
0.45
0.45
0.45
0.45
0.45
0.45
0.45
0.46
0.44
0.44
0.44
0.44
0.42
0.44
0.44
0.45
0.45
0.45
0.44
0.44
0.44
0.45
0.46
0.45
0.45
0.46
0.46
0.45
0.45
0.46
0.46
0.46
0.46
0.44
0.45
0.45
0.45
0.49
0.49
0.49
0.47
0.48
0.48
0.48
0.48
0.48
0.48
0.5
0.49
0.47
0.46
0.46
0.46
0.47
0.46
0.47
0.47
0.47
0.47
0.48
0.48
0.48
0.46
0.48
0.49
0.49
0.49
0.49
0.5
0.48
0.48
0.48
0.47
0.46
0.45
0.43
0.43
0.44
0.45
0.45
0.45
0.44
0.43
0.43
0.45
0.46
0.46
0.46
0.45
0.45
0.45
0.45
0.43
0.41
0.41
0.39
0.39
0.39
0.38
0.4
0.4
0.4
0.4
0.41
0.41
0.42
0.42
0.41
0.42
0.42
0.43
0.43
0.47
0.45
0.45
0.44
0.44
0.45
0.46
0.48
0.48
0.47
0.47
0.47
0.47
0.48
0.48
0.48
0.48
0.48
0.48
0.49
0.49
0.49
0.49
0.49
0.49
0.45
0.47
0.47
0.47
0.46
0.46
0.46
0.48
0.48
0.48
0.46
0.47
0.47
0.48
0.47
0.48
0.47
0.47
0.49
0.49
0.49
0.49
0.48
0.48
0.48
0.48
0.49
0.47
0.49
0.49
0.49
0.49
0.51
0.51
0.51
0.48
0.49
0.49
0.51
0.52
0.52
0.51
0.51
0.52
0.52
0.53
0.52
0.5
0.49
0.49
0.49
0.5
0.5
0.5
0.5
0.5
0.52
0.52
0.53
0.53
0.55
0.55
0.53
0.53
0.53
0.54
0.53
0.53
0.52
0.53
0.53
0.52
0.52
0.51
0.51
0.49
0.51
0.51
0.51
0.53
0.52
0.51
0.49
0.49
0.49
0.48
0.48
0.48
0.46
0.47
0.47
0.47
0.45
0.45
0.44
0.44
0.44
0.43
0.43
0.43
0.44
0.44
0.46
0.46
0.46
0.47
0.47
0.45
0.45
0.47
0.47
0.46
0.46
0.44
0.45
0.44
0.44
0.44
0.43
0.43
0.45
0.46
0.48
0.48
0.48
0.49
0.46
0.46
0.46
0.46
0.46
0.45
0.46
0.46
0.46
0.46
0.45
0.45
0.43
0.44
0.43
0.43
0.43
0.44
0.44
0.44
0.44
0.45
0.45
0.45
0.46
0.44
0.44
0.44
0.44
0.45
0.43
0.43
0.42
0.42
0.4
0.4
0.41
0.4
0.4
0.4
0.41
0.41
0.41
0.41
0.41
0.41
0.41
0.41
0.43
0.42
0.4
0.42
0.42
0.4
0.4
0.4
0.4
0.4
0.41
0.41
0.41
0.43
0.43
0.42
0.42
0.42
0.43
0.43
0.43
0.43
0.46
0.46
0.46
0.46
0.46
0.44
0.42
0.42
0.42
0.41
0.41
0.41
0.41
0.4
0.4
0.4
0.4
0.41
0.4
0.4
0.4
0.4
0.38
0.38
0.36
0.35
0.33
0.33
0.33
0.33
0.35
0.35
0.33
0.33
0.33
0.33
0.3
0.3
0.3
0.3
0.32
0.32
0.32
0.3
0.32
0.32
0.32
0.3
0.3
0.29
0.29
0.28
0.28
0.3
0.29
0.29
0.3
0.3
0.3
0.29
0.29
0.31
0.31
0.31
0.31
0.31
0.3
0.33
0.34
0.34
0.34
0.34
0.34
0.35
0.37
0.37
0.37
0.37
0.35
0.36
0.36
0.34
0.34
0.36
0.36
0.36
0.36
0.39
0.38
0.38
0.39
0.39
0.39
0.41
0.41
0.41
0.41
0.41
0.41
0.41
0.39
0.39
0.39
0.39
0.4
0.4
0.42
0.42
0.42
0.42
0.43
0.43
0.43
0.42
0.42
0.42
0.42
0.43
0.43
0.44
0.44
0.46
0.46
0.47
0.47
0.48
0.48
0.48
0.49
0.49
0.47
0.49
0.49
0.49
0.49
0.49
0.5
0.52
0.52
0.52
0.51
0.51
0.51
0.53
0.51
0.53
0.55
0.55
0.55
0.56
0.56
0.56
0.56
0.54
0.54
0.54
0.53
0.54
0.55
0.55
0.55
0.53
0.55
0.55
0.55
0.57
0.57
0.56
0.55
0.55
0.54
0.54
0.54
0.52
0.5
0.5
0.5
0.5
0.5
0.48
0.48
0.48
0.48
0.46
0.46
0.46
0.47
0.44
0.44
0.44
0.44
0.42
0.42
0.4
0.4
0.43
0.42
0.42
0.42
0.42
0.41
0.41
0.41
0.42
0.4
0.4
0.38
0.38
0.38
0.38
0.37
0.37
0.38
0.38
0.38
0.4
0.42
0.42
0.42
0.41
0.41
0.39
0.39
0.38
0.4
0.41
0.41
0.43
0.42
0.41
0.43
0.42
0.42
0.42
0.42
0.43
0.42
0.4
0.41
0.41
0.4
0.42
0.43
0.42
0.42
0.41
0.41
0.41
0.41
0.4
0.4
0.4
0.42
0.42
0.42
0.42
0.43
0.43
0.42
0.42
0.42
0.42
0.4
0.4
0.42
0.4
0.42
0.4
0.42
0.41
0.41
0.41
0.41
0.41
0.43
0.43
0.43
0.43
0.43
0.43
0.43
0.44
0.44
0.44
0.44
0.44
0.45
0.45
0.47
0.47
0.46
0.49
0.49
0.49
0.5
0.47
0.47
0.49
0.49
0.49
0.49
0.51
0.51
0.5
0.51
0.51
0.51
0.51
0.51
0.53
0.54
0.55
0.54
0.54
0.54
0.53
0.52
0.5
0.5
0.5
0.52
0.54
0.55
0.55
0.53
0.52
0.54
0.52
0.52
0.52
0.5
0.5
0.5
0.52
0.52
0.51
0.52
0.52
0.51
0.53
0.55
0.54
0.53
0.53
0.53
0.52
0.51
0.51
0.53
0.53
0.54
0.54
0.52
0.52
0.52
0.54
0.54
0.53
0.53
0.53
0.53
0.54
0.54
0.55
0.54
0.54
0.53
0.53
0.51
0.51
0.51
0.52
0.52
0.52
0.5
0.5
0.51
0.52
0.53
0.54
0.55
0.54
0.54
0.55
0.55
0.57
0.57
0.57
0.56
0.57
0.57
0.55
0.55
0.56
0.55
0.57
0.59
0.58
0.59
0.59
0.59
0.57
0.57
0.59
0.58
0.58
0.59
0.59
0.6
0.58
0.57
0.56
0.58
0.59
0.59
0.58
0.58
0.58
0.58
0.58
0.6
0.58
0.57
0.59
0.59
0.58
0.56
0.58
0.58
0.61
0.61
0.62
0.62
0.6
0.6
0.6
0.59
0.59
0.6
0.6
0.59
0.6
0.6
0.6
0.6
0.6
0.6
0.6
0.59
0.6
0.6
0.61
0.62
0.62
0.63
0.61
0.62
0.62
0.62
0.63
0.63
0.62
0.64
0.65
0.65
0.65
0.66
0.66
0.66
0.68
0.69
0.68
0.68
0.69
0.69
0.7
0.7
0.69
0.68
0.67
0.66
0.67
0.68
0.67
0.67
0.65
0.65
0.65
0.64
0.63
0.63
0.64
0.64
0.63
0.64
0.62
0.61
0.6
0.61
0.61
0.62
0.62
0.62
0.6
0.6
0.6
0.6
0.6
0.62
0.62
0.63
0.64
0.64
0.63
0.63
0.63
0.64
0.65
0.65
0.66
0.62
0.63
0.64
0.63
0.63
0.64
0.66
0.64
0.64
0.62
0.62
0.62
0.63
0.63
0.63
0.65
0.66
0.67
0.67
0.65
0.64
0.62
0.62
0.61
0.61
0.61
0.6
0.61
0.61
0.6
0.59
0.6
0.59
0.59
0.59
0.59
0.58
0.59
0.59
0.59
0.6
0.62
0.6
0.58
0.57
0.57
0.55
0.55
0.56
0.54
0.54
0.57
0.57
0.56
0.57
0.56
0.56
0.57
0.57
0.58
0.58
0.58
0.57
0.59
0.59
0.6
0.59
0.59
0.59
0.61
0.61
0.59
0.59
0.59
0.6
0.6
0.61
0.61
0.61
0.61
0.6
0.61
0.61
0.61
0.61
0.61
0.61
0.61
0.59
0.59
0.58
0.57
0.56
0.56
0.57
0.57
0.56
0.55
0.55
0.59
0.61
0.6
0.6
0.6
0.6
0.59
0.59
0.59
0.59
0.58
0.61
0.6
0.59
0.59
0.59
0.57
0.57
0.56
0.56
0.56
0.56
0.58
0.58
0.59
0.59
0.59
0.6
0.59
0.58
0.58
0.58
0.56
0.57
0.58
0.57
0.57
0.58
0.6
0.6
0.59
0.58
0.57
0.57
0.57
0.57
0.57
0.58
0.59
0.58
0.58
0.58
0.55
0.56
0.57
0.57
0.58
0.59
0.58
0.58
0.57
0.58
0.58
0.59
0.57
0.58
0.57
0.56
0.57
0.57
0.56
0.56
0.57
0.57
0.58
0.56
0.56
0.55
0.55
0.53
0.55
0.55
0.55
0.55
0.56
0.57
0.57
0.56
0.56
0.55
0.56
0.56
0.56
0.57
0.57
0.57
0.59
0.58
0.6
0.62
0.57
0.55
0.57
0.56
0.55
0.55
0.55
0.54
0.54
0.54
0.54
0.53
0.55
0.55
0.55
0.57
0.57
0.57
0.57
0.57
0.57
0.57
0.55
0.55
0.54
0.55
0.55
0.55
0.55
0.55
0.55
0.58
0.6
0.59
0.58
0.58
0.58
0.57
0.54
0.56
0.57
0.58
0.57
0.57
0.59
0.59
0.59
0.59
0.58
0.58
0.58
0.57
0.58
0.59
0.58
0.57
0.56
0.56
0.57
0.59
0.6
0.6
0.59
0.58
0.58
0.59
0.6
0.62
0.61
0.62
0.62
0.62
0.62
0.62
0.61
0.62
0.62
0.62
0.62
0.62
0.6
0.6
0.59
0.59
0.58
0.57
0.58
0.61
0.61
0.62
0.61
0.61
0.62
0.6
0.6
0.59
0.57
0.58
0.57
0.57
0.59
0.59
0.58
0.6
0.6
0.6
0.6
0.59
0.59
0.61
0.62
0.61
0.61
0.62
0.62
0.62
0.62
0.62
0.62
0.62
0.62
0.62
0.63
0.63
0.63
0.64
0.64
0.64
0.64
0.65
0.65
0.63
0.62
0.64
0.65
0.67
0.68
0.69
0.7
0.68
0.68
0.67
0.67
0.68
0.66
0.66
0.67
0.7
0.7
0.73
0.77
0.77
0.76
0.74
0.75
0.78
0.79
0.79
0.79
0.77
0.77
0.77
0.77
0.78
0.81
0.8
0.79
0.77
0.78
0.78
0.78
0.78
0.77
0.77
0.79
0.78
0.79
0.79
0.79
0.79
0.79
0.79
0.79
0.8
0.8
0.8
0.82
0.8
0.8
0.79
0.8
0.81
0.81
0.81
0.83
0.83
0.83
0.83
0.83
0.81
0.79
0.79
0.8
0.79
0.8
0.8
0.81
0.83
0.84
0.83
0.83
0.82
0.81
0.81
0.83
0.81
0.81
0.81
0.83
0.82
0.83
0.83
0.82
0.86
0.86
0.84
0.84
0.84
0.85
0.85
0.85
0.84
0.83
0.82
0.83
0.81
0.8
0.79
0.79
0.8
0.81
0.82
0.82
0.83
0.84
0.84
0.83
0.8
0.81
0.79
0.75
0.76
0.76
0.8
0.8
0.78
0.77
0.76
0.76
0.77
0.8
0.79
0.8
0.81
0.8
0.8
0.8
0.81
0.8
0.81
0.81
0.82
0.83
0.84
0.82
0.84
0.84
0.84
0.85
0.85
0.86
0.86
0.88
0.89
0.9
0.91
0.89
0.89
0.89
0.89
0.89
0.88
0.87
0.87
0.86
0.87
0.87
0.88
0.88
0.89
0.89
0.89
0.88
0.87
0.87
0.88
0.87
0.85
0.85
0.85
0.84
0.84
0.84
0.84
0.83
0.84
0.84
0.85
0.84
0.84
0.83
0.86
0.89
0.85
0.86
0.86
0.86
0.86
0.89
0.89
0.91
0.91
0.92
0.92
0.91
0.92
0.93
0.93
0.95
0.95
0.93
0.93
0.94
0.93
0.92
0.93
0.94
0.94
0.95
0.95
0.96
0.95
0.97
0.94
0.93
0.96
0.97
1.0
1.0
0.99
0.97
0.98
1.0
1.0
0.99
1.0
1.01
1.01
1.02
1.01
1.03
1.03
1.03
1.02
1.05
1.04
1.03
1.03
1.03
1.03
1.05
1.07
1.07
1.08
1.08
1.09
1.09
1.09
1.12
1.13
1.12
1.12
1.14
1.15
1.15
1.15
1.16
1.16
1.15
1.15
1.15
1.16
1.17
1.17
1.18
1.18
1.2
1.21
1.2
1.23
1.23
1.24
1.25
1.25
1.26
1.27
1.27
1.26
1.26
1.26
1.28
1.25
1.25
1.27
1.28
1.29
1.3
1.3
1.27
1.26
1.26
1.27
1.28
1.27
1.27
1.27
1.26
1.27
1.27
1.27
1.27
1.26
1.3
1.3
1.3
1.3
1.29
1.3
1.29
1.3
1.3
1.3
1.3
1.31
1.31
1.28
1.28
1.25
1.25
1.25
1.23
1.26
1.25
1.24
1.24
1.23
1.22
1.23
1.23
1.22
1.2
1.19
1.22
1.23
1.21
1.21
1.22
1.25
1.26
1.27
1.25
1.24
1.24
1.23
1.23
1.22
1.22
1.22
1.19
1.19
1.2
1.21
1.2
1.19
1.19
1.18
1.18
1.17
1.24
1.23
1.23
1.24
1.23
1.26
1.25
1.25
1.25
1.26
1.26
1.23
1.24
1.24
1.22
1.22
1.21
1.22
1.25
1.25
1.26
1.28
1.27
1.27
1.26
1.25
1.24
1.23
1.23
1.24
1.24
1.25
1.24
1.24
1.24
1.25
1.25
1.25
1.26
1.25
1.23
1.22
1.23
1.24
1.21
1.22
1.26
1.26
1.26
1.26
1.3
1.29
1.3
1.3
1.3
1.32
1.33
1.34
1.35
1.36
1.37
1.4
1.4
1.39
1.42
1.41
1.41
1.42
1.42
1.41
1.41
1.43
1.43
1.46
1.44
1.44
1.44
1.43
1.44
1.42
1.41
1.42
1.41
1.4
1.4
1.4
1.4
1.41
1.41
1.44
1.46
1.48
1.48
1.48
1.48
1.53
1.53
1.56
1.56
1.57
1.51
1.52
1.54
1.53
1.54
1.52
1.52
1.53
1.52
1.53
1.54
1.54
1.54
1.53
1.54
1.55
1.54
1.53
1.52
1.52
1.53
1.53
1.53
1.55
1.55
1.55
1.54
1.55
1.55
1.55
1.55
1.55
1.56
1.55
1.54
1.56
1.55
1.55
1.58
1.6
1.61
1.61
1.61
1.6
1.6
1.6
1.57
1.56
1.57
1.56
1.53
1.54
1.54
1.55
1.55
1.52
1.51
1.5
1.49
1.47
1.46
1.44
1.46
1.44
1.41
1.42
1.42
1.41
1.42
1.43
1.46
1.47
1.47
1.45
1.47
1.47
1.48
1.49
1.48
1.48
1.49
1.51
1.51
1.52
1.52
1.51
1.52
1.51
1.51
1.49
1.47
1.44
1.44
1.43
1.44
1.41
1.41
1.39
1.38
1.36
1.36
1.36
1.36
1.39
1.39
1.39
1.39
1.37
1.36
1.35
1.36
1.37
1.36
1.36
1.35
1.36
1.37
1.35
1.35
1.36
1.34
1.32
1.32
1.31
1.3
1.29
1.31
1.32
1.32
1.31
1.31
1.34
1.33
1.33
1.33
1.33
1.35
1.35
1.33
1.32
1.3
1.31
1.3
1.31
1.3
1.31
1.31
1.33
1.33
1.34
1.33
1.31
1.3
1.29
1.31
1.31
1.33
1.33
1.33
1.35
1.37
1.37
1.39
1.39
1.38
1.37
1.38
1.39
1.41
1.41
1.4
1.39
1.41
1.42
1.4
1.41
1.43
1.44
1.44
1.43
1.42
1.4
1.41
1.43
1.45
1.48
1.47
1.47
1.47
1.46
1.51
1.52
1.55
1.56
1.55
1.55
1.55
1.55
1.56
1.59
1.6
1.62
1.61
1.58
1.57
1.58
1.58
1.62
1.64
1.67
1.66
1.65
1.66
1.66
1.69
1.67
1.67
1.7
1.69
1.7
1.72
1.73
1.74
1.74
1.77
1.8
1.78
1.77
1.76
1.75
1.76
1.73
1.73
1.74
1.75
1.75
1.78
1.78
1.78
1.79
1.79
1.81
1.84
1.86
1.87
1.85
1.85
1.83
1.82
1.82
1.89
1.9
1.89
1.9
1.88
1.88
1.87
1.87
1.87
1.87
1.85
1.85
1.82
1.82
1.82
1.83
1.81
1.79
1.8
1.79
1.77
1.81
1.78
1.76
1.76
1.75
1.72
1.71
1.72
1.72
1.73
1.74
1.77
1.75
1.75
1.72
1.72
1.72
1.75
1.75
1.71
1.71
1.68
1.7
1.69
1.71
1.71
1.73
1.73
1.74
1.73
1.71
1.72
1.73
1.75
1.74
1.77
1.73
1.72
1.71
1.71
1.71
1.71
1.72
1.71
1.71
1.71
1.69
1.69
1.67
1.67
1.67
1.66
1.65
1.67
1.66
1.66
1.69
1.7
1.71
1.69
1.68
1.7
1.71
1.71
1.69
1.68
1.68
1.67
1.69
1.7
1.68
1.68
1.69
1.68
1.68
1.68
1.7
1.71
1.76
1.7
1.71
1.72
1.72
1.73
1.73
1.76
1.76
1.76
1.75
1.77
1.77
1.78
1.78
1.82
1.83
1.84
1.86
1.83
1.83
1.83
1.81
1.82
1.83
1.82
1.82
1.83
1.84
1.83
1.84
1.83
1.82
1.8
1.81
1.79
1.79
1.79
1.79
1.76
1.76
1.77
1.77
1.8
1.78
1.81
1.8
1.83
1.81
1.82
1.8
1.82
1.83
1.82
1.84
1.84
1.84
1.81
1.86
1.86
1.86
1.86
1.87
1.87
1.87
1.88
1.91
1.91
1.91
1.91
1.91
1.92
1.92
1.92
1.94
1.89
1.9
1.9
1.89
1.89
1.89
1.93
1.95
1.94
1.92
1.92
1.93
1.91
1.9
1.89
1.85
1.88
1.89
1.87
1.85
1.85
1.87
1.9
1.9
1.9
1.84
1.84
1.84
1.85
1.85
1.83
1.84
1.86
1.86
1.86
1.9
1.89
1.9
1.89
1.89
1.86
1.84
1.84
1.83
1.84
1.84
1.86
1.83
1.85
1.85
1.86
1.88
1.87
1.86
1.86
1.85
1.86
1.9
1.9
1.9
1.91
1.91
1.91
1.91
1.91
1.92
1.9
1.9
1.88
1.88
1.89
1.9
1.87
1.88
1.89
1.89
1.9
1.88
1.88
1.87
1.85
1.85
1.85
1.84
1.85
1.83
1.85
1.85
1.85
1.85
1.85
1.84
1.84
1.84
1.84
1.84
1.81
1.81
1.81
1.8
1.8
1.78
1.79
1.79
1.79
1.78
1.74
1.76
1.75
1.75
1.76
1.75
1.78
1.79
1.8
1.82
1.8
1.79
1.78
1.79
1.83
1.83
1.8
1.79
1.79
1.8
1.81
1.79
1.78
1.78
1.81
1.83
1.79
1.8
1.81
1.78
1.77
1.77
1.76
1.75
1.77
1.78
1.78
1.78
1.77
1.8
1.78
1.78
1.76
1.76
1.75
1.78
1.79
1.79
1.79
1.79
1.81
1.78
1.77
1.77
1.78
1.78
1.78
1.78
1.8
1.8
1.82
1.81
1.82
1.82
1.82
1.8
1.82
1.81
1.79
1.81
1.79
1.84
1.84
1.83
1.87
1.87
1.87
1.84
1.84
1.85
1.82
1.83
1.85
1.84
1.82
1.79
1.83
1.83
1.83
1.86
1.86
1.87
1.87
1.89
1.92
1.92
1.92
1.9
1.9
1.92
1.97
2.0
2.0
2.02
2.0
2.0
1.96
1.95
1.95
1.93
1.97
1.97
1.98
1.96
1.96
1.96
2.0
2.03
2.03
2.04
2.04
2.08
2.08
2.07
2.05
2.01
2.01
2.0
1.99
2.01
2.02
2.04
2.08
2.09
2.07
2.08
2.11
2.11
2.11
2.08
2.09
2.1
2.1
2.11
2.13
2.08
2.08
2.08
2.08
2.08
2.08
2.07
2.07
2.07
2.1
2.11
2.14
2.15
2.13
2.13
2.16
2.17
2.15
2.15
2.12
2.12
2.09
2.09
2.08
2.06
2.05
2.01
2.04
2.05
2.02
2.03
2.04
2.05
2.14
2.13
2.2
2.19
2.21
2.26
2.28
2.3
2.27
2.28
2.28
2.28
2.29
2.29
2.29
2.28
2.25
2.25
2.26
2.26
2.27
2.29
2.27
2.23
2.23
2.24
2.24
2.28
2.29
2.34
2.33
2.34
2.29
2.32
2.35
2.36
2.34
2.36
2.32
2.29
2.3
2.29
2.28
2.24
2.24
2.25
2.25
2.26
2.25
2.25
2.28
2.25
2.25
2.22
2.19
2.19
2.22
2.23
2.23
2.23
2.24
2.25
2.25
2.26
2.29
2.28
2.28
2.32
2.31
2.31
2.31
2.33
2.3
2.29
2.32
2.3
2.25
2.26
2.25
2.25
2.25
2.25
2.22
2.22
2.22
2.23
2.23
2.25
2.26
2.26
2.3
2.3
2.33
2.34
2.31
2.3
2.31
2.3
2.33
2.35
2.25
2.23
2.24
2.23
2.22
2.2
2.17
2.17
2.16
2.16
2.16
2.16
2.16
2.19
2.21
2.2
2.21
2.23
2.25
2.3
2.29
2.29
2.3
2.3
2.31
2.3
2.35
2.32
2.34
2.3
2.33
2.33
2.33
2.3
2.3
2.3
2.31
2.27
2.27
2.29
2.28
2.31
2.32
2.34
2.35
2.38
2.4
2.4
2.4
2.41
2.4
2.44
2.45
2.45
2.48
2.49
2.46
2.47
2.46
2.46
2.45
2.48
2.49
2.47
2.46
2.46
2.45
2.41
2.42
2.43
2.44
2.43
2.42
2.43
2.41
2.42
2.41
2.39
2.38
2.4
2.41
2.44
2.43
2.45
2.49
2.5
2.53
2.55
2.58
2.58
2.57
2.57
2.61
2.6
2.61
2.59
2.6
2.65
2.63
2.63
2.64
2.66
2.6
2.61
2.59
2.61
2.62
2.61
2.61
2.59
2.6
2.6
2.62
2.58
2.55
2.57
2.58
2.57
2.55
2.49
2.49
2.49
2.47
2.46
2.47
2.45
2.4
2.42
2.39
2.43
2.42
2.44
2.46
2.48
2.46
2.45
2.45
2.45
2.45
2.44
2.44
2.43
2.41
2.44
2.43
2.41
2.38
2.39
2.42
2.41
2.39
2.35
2.36
2.36
2.35
2.34
2.32
2.31
2.3
2.31
2.32
2.31
2.29
2.29
2.27
2.28
2.29
2.33
2.35
2.34
2.33
2.35
2.36
2.38
2.39
2.42
2.43
2.47
2.49
2.46
2.45
2.42
2.41
2.4
2.38
2.36
2.33
2.31
2.28
2.3
2.28
2.27
2.24
2.28
2.34
2.36
2.35
2.3
2.31
2.28
2.28
2.27
2.28
2.3
2.28
2.25
2.24
2.26
2.29
2.31
2.35
2.34
2.32
2.33
2.34
2.32
2.3
2.33
2.35
2.37
2.41
2.41
2.43
2.41
2.4
2.43
2.43
2.43
2.43
2.39
2.38
2.36
2.37
2.37
2.39
2.38
2.46
2.46
2.47
2.49
2.49
2.52
2.52
2.5
2.53
2.52
2.52
2.54
2.52
2.54
2.53
2.54
2.53
2.6
2.61
2.62
2.64
2.64
2.63
2.64
2.63
2.63
2.71
2.72
2.73
2.71
2.71
2.68
2.7
2.72
2.73
2.71
2.71
2.68
2.68
2.67
2.68
2.66
2.64
2.66
2.67
2.69
2.71
2.71
2.71
2.72
2.76
2.73
2.74
2.75
2.75
2.78
2.77
2.77
2.73
2.71
2.73
2.77
2.76
2.78
2.79
2.83
2.81
2.8
2.81
2.81
2.84
2.85
2.82
2.84
2.79
2.81
2.81
2.83
2.83
2.83
2.87
2.83
2.83
2.87
2.84
2.82
2.82
2.88
2.89
2.87
2.89
2.87
2.89
2.89
2.91
2.95
2.93
2.92
2.89
2.92
2.81
2.84
2.86
2.83
2.87
2.85
2.86
2.89
2.9
2.91
2.94
2.91
2.92
2.9
2.92
2.9
2.92
2.85
2.84
2.83
2.88
2.88
2.87
2.88
2.87
2.84
2.84
2.84
2.83
2.83
2.82
2.85
2.82
2.83
2.82
2.86
2.86
2.89
2.87
2.9
2.91
2.9
2.91
2.91
2.9
2.9
2.92
2.91
2.89
2.92
2.89
2.89
2.91
2.91
2.91
2.93
2.91
2.91
2.9
2.92
2.92
2.9
2.88
2.86
2.84
2.8
2.86
2.89
2.89
2.87
2.83
2.84
2.84
2.82
2.87
2.85
2.89
2.88
2.91
2.92
2.92
2.91
2.9
2.88
2.93
2.93
2.95
2.9
2.89
2.9
2.9
2.89
2.9
2.89
2.89
2.89
2.91
2.89
2.89
2.87
2.91
2.9
2.87
2.88
2.84
2.81
2.79
2.73
2.71
2.75
2.72
2.74
2.75
2.75
2.76
2.78
2.77
2.88
2.87
2.88
2.85
2.85
2.89
2.9
2.93
2.96
2.88
2.87
2.88
2.88
2.91
2.89
2.9
2.86
2.94
2.9
2.91
2.88
2.91
2.88
2.86
2.9
2.9
2.91
2.92
2.91
2.91
2.92
2.93
2.92
2.91
2.94
2.93
2.9
2.92
2.89
2.92
2.88
2.86
2.85
2.85
2.84
2.83
2.86
2.89
2.91
2.88
2.83
2.86
2.87
2.92
2.88
2.9
2.9
2.88
2.9
2.88
2.87
2.86
2.88
2.85
2.88
2.89
2.87
2.84
2.86
2.83
2.87
2.87
2.86
2.86
2.89
2.87
2.93
2.91
2.89
2.92
2.93
2.95
2.95
2.93
2.95
2.98
2.98
2.98
2.99
3.0
3.02
3.02
2.97
2.99
2.97
2.99
3.02
2.99
3.02
3.02
2.92
2.92
2.93
2.92
2.9
2.88
2.92
2.9
2.92
2.96
2.99
2.99
3.04
3.0
2.98
2.95
2.96
2.93
2.95
2.95
2.97
2.97
2.97
3.0
2.96
2.96
2.96
2.96
2.95
2.92
2.91
2.9
2.9
2.93
2.93
2.9
2.92
2.97
2.96
2.92
2.95
2.96
2.99
2.99
2.99
3.0
2.97
2.93
2.9
2.86
2.91
2.89
2.89
2.9
2.94
2.94
2.99
2.97
3.0
3.02
3.07
3.05
3.02
3.02
3.03
3.02
3.01
2.99
3.0
3.01
3.02
3.04
3.06
3.04
3.04
3.04
2.99
2.98
3.0
2.98
2.99
3.0
3.01
2.99
2.94
2.9
2.92
2.93
2.92
2.95
2.98
2.99
2.99
3.02
3.03
2.99
3.0
3.06
3.06
3.02
3.04
3.08
3.1
3.11
3.12
3.15
3.09
3.11
3.08
3.13
3.09
3.08
3.06
3.07
3.12
3.15
3.2
3.15
3.11
3.12
3.1
3.1
3.08
3.04
3.07
3.07
3.05
3.04
3.03
3.09
3.08
3.1
3.09
3.05
3.03
3.03
3.03
2.99
3.02
3.02
3.02
3.03
3.02
2.97
2.97
3.03
3.07
3.1
3.14
3.17
3.17
3.18
3.19
3.17
3.15
3.16
3.14
3.13
3.1
3.06
3.04
3.04
3.09
3.13
3.1
3.11
3.11
3.14
3.14
3.14
3.14
3.12
3.15
3.17
3.15
3.16
3.16
3.19
3.13
3.11
3.14
3.13
3.12
3.14
3.14
3.15
3.13
3.14
3.14
3.18
3.16
3.14
3.14
3.11
3.1
3.13
3.12
3.08
3.04
3.04
3.02
3.0
2.98
2.98
3.0
2.99
3.01
3.0
3.01
2.94
2.96
2.96
3.01
3.01
2.99
2.98
2.93
2.93
2.97
2.98
3.02
2.99
2.99
3.0
2.98
3.01
3.03
3.11
3.16
3.13
3.15
3.13
3.1
3.13
3.13
3.15
3.16
3.13
3.14
3.13
3.09
3.08
3.07
3.11
3.11
3.07
3.04
3.05
3.11
3.1
3.05
3.06
3.08
3.12
3.12
3.13
3.1
3.12
3.14
3.15
3.12
3.15
3.1
3.08
3.08
3.08
3.1
3.07
3.06
3.07
3.02
3.01
3.0
3.03
3.04
3.04
3.06
3.07
3.1
3.11
3.08
3.07
3.07
3.08
3.15
3.16
3.21
3.19
3.19
3.14
3.13
3.15
3.2
3.2
3.21
3.18
3.15
3.19
3.24
3.26
3.26
3.23
3.23
3.22
3.23
3.21
3.21
3.2
3.17
3.16
3.14
3.17
3.13
3.14
3.15
3.14
3.14
3.15
3.17
3.17
3.13
3.17
3.2
3.22
3.21
3.19
3.16
3.15
3.12
3.09
3.09
3.11
3.15
3.17
3.19
3.21
3.21
3.24
3.22
3.29
3.33
3.35
3.39
3.39
3.38
3.36
3.37
3.43
3.36
3.36
3.39
3.41
3.38
3.37
3.4
3.41
3.44
3.45
3.41
3.4
3.39
3.37
3.38
3.4
3.4
3.39
3.42
3.44
3.44
3.44
3.47
3.5
3.47
3.41
3.43
3.46
3.45
3.44
3.42
3.44
3.46
3.5
3.54
3.56
3.51
3.54
3.53
3.54
3.54
3.51
3.5
3.48
3.47
3.5
3.53
3.52
3.54
3.56
3.56
3.56
3.54
3.54
3.55
3.58
3.59
3.61
3.58
3.58
3.61
3.62
3.63
3.61
3.58
3.57
3.58
3.59
3.63
3.63
3.61
3.64
3.69
3.65
3.62
3.6
3.59
3.55
3.56
3.48
3.45
3.45
3.47
3.46
3.43
3.39
3.39
3.37
3.34
3.32
3.34
3.27
3.26
3.22
3.16
3.14
3.13
3.15
3.22
3.14
3.19
3.19
3.18
3.14
3.17
3.13
3.07
3.02
2.98
2.95
2.96
3.01
3.02
3.02
3.04
3.02
3.02
2.99
2.93
2.93
2.9
2.91
2.9
2.87
2.87
2.91
2.89
2.93
2.92
2.95
2.94
2.9
2.91
2.89
2.85
2.8
2.79
2.75
2.74
2.76
2.78
2.81
2.85
2.84
2.82
2.77
2.72
2.76
2.77
2.75
2.77
2.78
2.81
2.81
2.78
2.79
2.74
2.74
2.76
2.76
2.73
2.75
2.74
2.74
2.79
2.82
2.8
2.8
2.79
2.81
2.82
2.76
2.75
2.78
2.8
2.8
2.81
2.88
2.88
2.92
3.01
3.01
3.02
3.03
3.05
3.08
3.11
3.13
3.13
3.13
3.11
3.12
3.12
3.21
3.23
3.21
3.26
3.26
3.22
3.23
3.19
3.19
3.18
3.18
3.27
3.29
3.33
3.38
3.42
3.47
3.51
3.45
3.44
3.44
3.4
3.37
3.37
3.39
3.43
3.42
3.46
3.41
3.39
3.48
3.48
3.44
3.46
3.37
3.41
3.36
3.41
3.45
3.44
3.42
3.45
3.51
3.57
3.61
3.57
3.57
3.57
3.58
3.54
3.55
3.55
3.6
3.61
3.66
3.66
3.67
3.66
3.65
3.67
3.67
3.69
3.66
3.65
3.62
3.62
3.62
3.66
3.63
3.69
3.69
3.64
3.67
3.65
3.62
3.62
3.59
3.6
3.59
3.6
3.56
3.58
3.61
3.66
3.61
3.6
3.6
3.55
3.57
3.55
3.54
3.51
3.53
3.46
3.43
3.46
3.47
3.44
3.47
3.51
3.43
3.45
3.48
3.44
3.43
3.42
3.41
3.41
3.48
3.5
3.52
3.45
3.41
3.46
3.41
3.42
3.36
3.33
3.38
3.37
3.37
3.4
3.43
3.52
3.51
3.48
3.46
3.41
3.42
3.44
3.35
3.35
3.36
3.37
3.38
3.34
3.34
3.32
3.28
3.26
3.27
3.27
3.26
3.22
3.21
3.24
3.21
3.23
3.23
3.25
3.23
3.22
3.18
3.19
3.13
3.11
3.07
3.03
3.03
3.01
3.11
3.08
3.1
3.13
3.15
3.16
3.17
3.16
3.18
3.14
3.13
3.19
3.13
3.11
3.17
3.2
3.21
3.17
3.18
3.18
3.23
3.18
3.18
3.13
3.15
3.18
3.15
3.18
3.19
3.19
3.21
3.26
3.21
3.25
3.27
3.23
3.24
3.25
3.26
3.23
3.29
3.28
3.31
3.32
3.34
3.34
3.33
3.33
3.3
3.27
3.24
3.19
3.18
3.11
3.16
3.16
3.19
3.14
3.12
3.14
3.13
3.16
3.13
3.12
3.13
3.17
3.21
3.23
3.22
3.24
3.26
3.25
3.24
3.18
3.2
3.22
3.23
3.23
3.25
3.27
3.28
3.25
3.23
3.24
3.27
3.27
3.28
3.22
3.23
3.22
3.23
3.24
3.24
3.26
3.24
3.22
3.23
3.23
3.24
3.22
3.13
3.14
3.18
3.17
3.18
3.14
3.16
3.24
3.23
3.26
3.29
3.23
3.21
3.28
3.27
3.22
3.23
3.23
3.26
3.22
3.18
3.24
3.22
3.24
3.24
3.25
3.28
3.29
3.31
3.29
3.25
3.24
3.25
3.23
3.26
3.27
3.23
3.22
3.17
3.17
3.12
3.1
3.08
3.08
3.06
3.05
3.06
3.08
3.07
3.07
3.07
3.09
3.1
3.09
3.08
3.05
3.03
3.03
3.02
3.07
3.11
3.09
3.22
3.22
3.21
3.22
3.19
3.18
3.18
3.18
3.16
3.17
3.18
3.2
3.22
3.2
3.2
3.23
3.32
3.3
3.29
3.32
3.29
3.26
3.19
3.17
3.23
3.24
3.24
3.23
3.24
3.26
3.26
3.25
3.23
3.24
3.27
3.26
3.24
3.25
3.25
3.25
3.15
3.18
3.14
3.19
3.16
3.14
3.14
3.11
3.1
3.1
3.2
3.18
3.14
3.21
3.22
3.21
3.18
3.2
3.19
3.17
3.22
3.21
3.21
3.2
3.2
3.19
3.14
3.15
3.16
3.14
3.17
3.16
3.12
3.16
3.18
3.18
3.19
3.22
3.21
3.33
3.31
3.33
3.37
3.38
3.4
3.36
3.37
3.37
3.36
3.42
3.46
3.47
3.46
3.43
3.43
3.48
3.5
3.49
3.45
3.47
3.35
3.32
3.36
3.34
3.34
3.45
3.47
3.43
3.44
3.42
3.46
3.45
3.42
3.42
3.42
3.39
3.31
3.32
3.29
3.35
3.38
3.43
3.45
3.44
3.41
3.4
3.37
3.4
3.39
3.39
3.39
3.38
3.46
3.48
3.42
3.45
3.51
3.54
3.54
3.54
3.54
3.49
3.52
3.49
3.48
3.42
3.42
3.42
3.41
3.4
3.37
3.34
3.36
3.3
3.27
3.27
3.3
3.28
3.29
3.26
3.2
3.2
3.19
3.2
3.18
3.14
3.17
3.17
3.21
3.3
3.27
3.3
3.32
3.36
3.37
3.42
3.45
3.45
3.45
3.38
3.4
3.4
3.37
3.41
3.39
3.43
3.4
3.45
3.48
3.4
3.4
3.45
3.45
3.47
3.47
3.42
3.41
3.35
3.36
3.35
3.33
3.33
3.31
3.29
3.38
3.3
3.27
3.29
3.3
3.31
3.29
3.34
3.33
3.38
3.38
3.4
3.4
3.38
3.41
3.34
3.36
3.36
3.35
3.38
3.37
3.41
3.4
3.41
3.42
3.42
3.46
3.51
3.48
3.52
3.54
3.62
3.59
3.65
3.64
3.64
3.64
3.69
3.7
3.68
3.69
3.68
3.65
3.64
3.67
3.68
3.72
3.75
3.77
3.76
3.82
3.84
3.82
3.84
3.85
3.88
3.91
3.9
3.94
3.89
3.9
3.9
3.86
3.9
3.89
3.79
3.81
3.83
3.83
3.84
3.83
3.84
3.8
3.77
3.81
3.78
3.83
3.8
3.83
3.76
3.77
3.85
3.87
3.81
3.8
3.83
3.85
3.85
3.83
3.83
3.86
3.9
3.87
3.9
3.93
3.93
3.96
3.92
3.93
3.94
3.84
3.83
3.93
3.96
3.97
4.01
4.03
3.99
4.01
4.03
4.02
4.01
4.06
4.07
4.06
4.04
4.01
4.0
4.01
3.97
3.93
3.96
3.97
3.93
3.95
3.95
3.95
3.88
3.86
3.82
3.83
3.72
3.8
3.7
3.73
3.79
3.87
3.83
3.81
3.87
3.86
3.88
3.93
3.93
3.92
3.93
3.84
3.88
3.9
3.89
3.84
3.82
3.83
3.81
3.82
3.79
3.76
3.78
3.75
3.76
3.73
3.71
3.8
3.77
3.81
3.84
3.85
3.85
3.87
3.83
3.82
3.8
3.84
3.82
3.83
3.8
3.71
3.73
3.7
3.71
3.69
3.61
3.61
3.69
3.71
3.68
3.64
3.63
3.68
3.68
3.65
3.65
3.7
3.68
3.66
3.68
3.68
3.71
3.7
3.7
3.69
3.7
3.61
3.57
3.53
3.5
3.49
3.48
3.46
3.41
3.42
3.47
3.42
3.48
3.51
3.54
3.53
3.61
3.65
3.69
3.74
3.69
3.68
3.69
3.66
3.63
3.58
3.58
3.58
3.56
3.52
3.51
3.44
3.47
3.46
3.46
3.39
3.42
3.43
3.4
3.51
3.49
3.52
3.56
3.55
3.58
3.63
3.62
3.63
3.67
3.67
3.68
3.68
3.69
3.71
3.74
3.74
3.74
3.74
3.77
3.86
3.87
3.78
3.79
3.75
3.71
3.72
3.68
3.71
3.67
3.71
3.7
3.7
3.71
3.67
3.71
3.72
3.8
3.78
3.75
3.76
3.7
3.7
3.71
3.73
3.8
3.81
3.81
3.79
3.89
3.9
3.9
3.87
3.88
3.86
3.82
3.94
3.92
3.92
3.9
3.92
3.91
3.96
3.97
3.97
3.99
4.0
4.03
4.03
4.05
4.08
4.01
4.02
3.98
3.94
3.93
3.93
3.85
3.83
3.79
3.83
3.82
3.83
3.88
3.88
3.87
3.88
3.89
3.95
3.98
3.99
4.03
3.99
3.97
3.94
3.91
3.96
3.93
3.96
3.95
3.85
3.84
3.88
3.91
3.92
3.87
3.86
3.79
3.75
3.75
3.73
3.73
3.75
3.77
3.72
3.73
3.76
3.76
3.82
3.83
3.77
3.77
3.83
3.84
3.84
3.87
3.81
3.81
3.76
3.74
3.7
3.72
3.73
3.71
3.73
3.76
3.79
3.71
3.7
3.77
3.76
3.8
3.76
3.8
3.74
3.66
3.68
3.67
3.68
3.6
3.6
3.6
3.62
3.62
3.66
3.64
3.53
3.58
3.6
3.66
3.66
3.67
3.61
3.7
3.76
