0.0
0.0
0.0
0.0
0.0
0.0
0.14285714285714285
0.125
0.3333333333333333
0.3
0.36363636363636365
0.3333333333333333
0.3076923076923077
0.2857142857142857
0.26666666666666666
0.25
0.23529411764705882
0.2222222222222222
0.21052631578947367
0.2
0.19047619047619047
0.18181818181818182
0.17391304347826086
0.16666666666666666
0.2
0.3076923076923077
0.2962962962962963
0.32142857142857145
0.3103448275862069
0.3
0.2903225806451613
0.28125
0.30303030303030304
0.29411764705882354
0.2857142857142857
0.2777777777777778
0.2702702702702703
0.2631578947368421
0.2564102564102564
0.25
0.24390243902439024
0.2619047619047619
0.2558139534883721
0.25
0.24444444444444444
0.2391304347826087
0.23404255319148937
0.25
0.24489795918367346
0.24
0.2549019607843137
0.2692307692307692
0.2641509433962264
0.25925925925925924
0.2545454545454545
0.25
0.24561403508771928
0.2413793103448276
0.23728813559322035
0.23333333333333334
0.22950819672131148
0.22580645161290322
0.2222222222222222
0.21875
0.23076923076923078
0.22727272727272727
0.22388059701492538
0.22058823529411764
0.21739130434782608
0.21428571428571427
0.2112676056338028
